#
# A fatal error has been detected by the Java Runtime Environment:
#
#  SIGSEGV (0xb) at pc=0x00000001259ef2df, pid=948, tid=0x000000000000b07f
#
# JRE version: Java(TM) SE Runtime Environment (8.0_161-b12) (build 1.8.0_161-b12)
# Java VM: Java HotSpot(TM) 64-Bit Server VM (25.161-b12 mixed mode bsd-amd64 compressed oops)
# Problematic frame:
# C  [libawt_lwawt.dylib+0x1c2df]  OGLSD_SetScratchSurface+0x49
#
# Failed to write core dump. Core dumps have been disabled. To enable core dumping, try "ulimit -c unlimited" before starting Java again
#
# If you would like to submit a bug report, please visit:
#   http://bugreport.java.com/bugreport/crash.jsp
# The crash happened outside the Java Virtual Machine in native code.
# See problematic frame for where to report the bug.
#

---------------  T H R E A D  ---------------

Current thread (0x00007ff40e317000):  JavaThread "Java2D Queue Flusher" daemon [_thread_in_native, id=45183, stack(0x000070000b87f000,0x000070000b97f000)]

siginfo: si_signo: 11 (SIGSEGV), si_code: 1 (SEGV_MAPERR), si_addr: 0x0000000000000002

Registers:
RAX=0x00000000ffffffff, RBX=0x0000000000000002, RCX=0x0000000000000047, RDX=0x0000000125a10d8c
RSP=0x000070000b97e7c0, RBP=0x000070000b97e7e0, RSI=0x00007ff4115582c0, RDI=0x00007ff40e3171f8
R8 =0x00007ff40ceb5848, R9 =0x00007ff40ceb5840, R10=0x000000010f45bf38, R11=0x00000000e806a00c
R12=0x0000000000000000, R13=0x000070000b97e8e8, R14=0x00007ff40e3171f8, R15=0x00007ff40e317000
RIP=0x00000001259ef2df, EFLAGS=0x0000000000010202, ERR=0x0000000000000004
  TRAPNO=0x000000000000000e

Top of Stack: (sp=0x000070000b97e7c0)
0x000070000b97e7c0:   00007ff4115582c0 0000000000000000
0x000070000b97e7d0:   00007ff40e2cb010 00007ff40e317000
0x000070000b97e7e0:   000070000b97e860 0000000125a1086a
0x000070000b97e7f0:   0000000000000064 0000000000000000
0x000070000b97e800:   0000000000000064 00007ff40ceb4f48
0x000070000b97e810:   000070000b97e870 000000010d75151e
0x000070000b97e820:   00007ff400000005 00007ff40e2cb020
0x000070000b97e830:   0000000000000001 00007ff40e3171f8
0x000070000b97e840:   0000000122ad6eb8 0000000000000000
0x000070000b97e850:   000070000b97e968 00007ff40e317000
0x000070000b97e860:   000070000b97e8b0 000000010f45bfaa
0x000070000b97e870:   0000000740350048 000000010f399928
0x000070000b97e880:   0000000740350120 000000010f3dfae6
0x000070000b97e890:   0000000740350120 000070000b97e898
0x000070000b97e8a0:   0000000122b81b3c 000070000b97e8e8
0x000070000b97e8b0:   0000000740350048 000000010fc18470
0x000070000b97e8c0:   000070000b97e940 000000010ee662bd
0x000070000b97e8d0:   000070000b97e940 000000010ee662bd
0x000070000b97e8e0:   000000010ee662bd 0000000740350048
0x000070000b97e8f0:   0000000000000001 0000000740350120
0x000070000b97e900:   000070000b97e8f0 0000000122ada701
0x000070000b97e910:   000070000b97e968 0000000122adafc8
0x000070000b97e920:   0000000000000000 0000000122ada808
0x000070000b97e930:   000070000b97e8e8 000070000b97e968
0x000070000b97e940:   000070000b97e9d0 000000010ee5e7a7
0x000070000b97e950:   0000000000000000 0000000000000000
0x000070000b97e960:   0000000000000000 0000000740350120
0x000070000b97e970:   0000700000001fa0 000000000000000a
0x000070000b97e980:   00007ff40e317000 0000000000000001
0x000070000b97e990:   000000010ee5e71f 0000000122ada808
0x000070000b97e9a0:   000070000b97ea68 000070000b97ed00
0x000070000b97e9b0:   000000010000000a 0000000122ada808 

Instructions: (pc=0x00000001259ef2df)
0x00000001259ef2bf:   c0 e9 82 00 00 00 48 8b 5e 10 48 85 db 75 0e bf
0x00000001259ef2cf:   01 00 00 00 48 8d 15 1e 95 03 00 eb d6 49 89 fe
0x00000001259ef2df:   4c 8b 3b 30 c0 e8 a7 bc 02 00 49 8b 3f 49 89 c4
0x00000001259ef2ef:   48 8b 35 f2 25 06 00 30 c0 e8 f5 bd 02 00 48 85 

Register to memory mapping:

RAX=0x00000000ffffffff is an unknown value
RBX=0x0000000000000002 is an unknown value
RCX=0x0000000000000047 is an unknown value
RDX=0x0000000125a10d8c: Java_sun_java2d_opengl_OGLRenderQueue_flushBuffer+0xb5c in /Library/Internet Plug-Ins/JavaAppletPlugin.plugin/Contents/Home/lib/libawt_lwawt.dylib at 0x00000001259d3000
RSP=0x000070000b97e7c0 is pointing into the stack for thread: 0x00007ff40e317000
RBP=0x000070000b97e7e0 is pointing into the stack for thread: 0x00007ff40e317000
RSI=0x00007ff4115582c0 is an unknown value
RDI=0x00007ff40e3171f8 is an unknown value
R8 =0x00007ff40ceb5848 is an unknown value
R9 =0x00007ff40ceb5840 is an unknown value
R10=0x000000010f45bf38 is at entry_point+56 in (nmethod*)0x000000010f45bd90
R11=0x00000000e806a00c is an unknown value
R12=0x0000000000000000 is an unknown value
R13=0x000070000b97e8e8 is pointing into the stack for thread: 0x00007ff40e317000
R14=0x00007ff40e3171f8 is an unknown value
R15=0x00007ff40e317000 is a thread


Stack: [0x000070000b87f000,0x000070000b97f000],  sp=0x000070000b97e7c0,  free space=1021k
Native frames: (J=compiled Java code, j=interpreted, Vv=VM code, C=native code)
C  [libawt_lwawt.dylib+0x1c2df]  OGLSD_SetScratchSurface+0x49
C  [libawt_lwawt.dylib+0x3d86a]  Java_sun_java2d_opengl_OGLRenderQueue_flushBuffer+0x63a
J 2121  sun.java2d.opengl.OGLRenderQueue.flushBuffer(JI)V (0 bytes) @ 0x000000010f45bfaa [0x000000010f45bf00+0xaa]
J 4821 C2 sun.java2d.opengl.OGLRenderQueue.access$100(Lsun/java2d/opengl/OGLRenderQueue;)V (5 bytes) @ 0x000000010fc18470 [0x000000010fc18440+0x30]
j  sun.java2d.opengl.OGLRenderQueue$QueueFlusher.run()V+81
v  ~StubRoutines::call_stub
V  [libjvm.dylib+0x2ef9aa]
V  [libjvm.dylib+0x2f014e]
V  [libjvm.dylib+0x2f02fa]
V  [libjvm.dylib+0x34aae5]
V  [libjvm.dylib+0x56edef]
V  [libjvm.dylib+0x5704ea]
V  [libjvm.dylib+0x48d83a]
C  [libsystem_pthread.dylib+0x3661]  _pthread_body+0x154
C  [libsystem_pthread.dylib+0x350d]  _pthread_body+0x0
C  [libsystem_pthread.dylib+0x2bf9]  thread_start+0xd
C  0x0000000000000000

Java frames: (J=compiled Java code, j=interpreted, Vv=VM code)
J 2121  sun.java2d.opengl.OGLRenderQueue.flushBuffer(JI)V (0 bytes) @ 0x000000010f45bf38 [0x000000010f45bf00+0x38]
J 4821 C2 sun.java2d.opengl.OGLRenderQueue.access$100(Lsun/java2d/opengl/OGLRenderQueue;)V (5 bytes) @ 0x000000010fc18470 [0x000000010fc18440+0x30]
j  sun.java2d.opengl.OGLRenderQueue$QueueFlusher.run()V+81
v  ~StubRoutines::call_stub

---------------  P R O C E S S  ---------------

Java Threads: ( => current thread )
  0x00007ff40e581000 JavaThread "TimerQueue" daemon [_thread_blocked, id=73735, stack(0x000070000bd0e000,0x000070000be0e000)]
  0x00007ff40dafd800 JavaThread "DestroyJavaVM" [_thread_blocked, id=9219, stack(0x000070000a749000,0x000070000a849000)]
  0x00007ff40e54a800 JavaThread "AWT-EventQueue-0" [_thread_blocked, id=55299, stack(0x000070000bc0b000,0x000070000bd0b000)]
  0x00007ff40e9ae800 JavaThread "Java2D Disposer" daemon [_thread_blocked, id=80143, stack(0x000070000b982000,0x000070000ba82000)]
=>0x00007ff40e317000 JavaThread "Java2D Queue Flusher" daemon [_thread_in_native, id=45183, stack(0x000070000b87f000,0x000070000b97f000)]
  0x00007ff40d276800 JavaThread "AWT-Shutdown" [_thread_blocked, id=38955, stack(0x000070000b676000,0x000070000b776000)]
  0x00007ff40d8bc800 JavaThread "AppKit Thread" daemon [_thread_in_native, id=775, stack(0x00007ffee29f3000,0x00007ffee31f3000)]
  0x00007ff40d2a7000 JavaThread "Timer-0" daemon [_thread_blocked, id=16899, stack(0x000070000b573000,0x000070000b673000)]
  0x00007ff40e03a800 JavaThread "Service Thread" daemon [_thread_blocked, id=17155, stack(0x000070000b36d000,0x000070000b46d000)]
  0x00007ff40e039800 JavaThread "C1 CompilerThread2" daemon [_thread_blocked, id=17667, stack(0x000070000b26a000,0x000070000b36a000)]
  0x00007ff40e039000 JavaThread "C2 CompilerThread1" daemon [_thread_blocked, id=17923, stack(0x000070000b167000,0x000070000b267000)]
  0x00007ff40d05e000 JavaThread "C2 CompilerThread0" daemon [_thread_blocked, id=18179, stack(0x000070000b064000,0x000070000b164000)]
  0x00007ff40e00e000 JavaThread "Signal Dispatcher" daemon [_thread_blocked, id=13323, stack(0x000070000af61000,0x000070000b061000)]
  0x00007ff40d04b800 JavaThread "Finalizer" daemon [_thread_blocked, id=20227, stack(0x000070000ae5e000,0x000070000af5e000)]
  0x00007ff40e022800 JavaThread "Reference Handler" daemon [_thread_blocked, id=20739, stack(0x000070000ad5b000,0x000070000ae5b000)]

Other Threads:
  0x00007ff40d049000 VMThread [stack: 0x000070000ac58000,0x000070000ad58000] [id=21251]
  0x00007ff40e03b000 WatcherThread [stack: 0x000070000b470000,0x000070000b570000] [id=14339]

VM state:not at safepoint (normal execution)

VM Mutex/Monitor currently owned by a thread: None

Heap:
 PSYoungGen      total 219648K, used 30380K [0x0000000795580000, 0x00000007ad680000, 0x00000007c0000000)
  eden space 204288K, 7% used [0x0000000795580000,0x0000000796441df0,0x00000007a1d00000)
  from space 15360K, 99% used [0x00000007ac000000,0x00000007acee9438,0x00000007acf00000)
  to   space 7680K, 0% used [0x00000007acf00000,0x00000007acf00000,0x00000007ad680000)
 ParOldGen       total 48640K, used 23575K [0x0000000740000000, 0x0000000742f80000, 0x0000000795580000)
  object space 48640K, 48% used [0x0000000740000000,0x0000000741705e08,0x0000000742f80000)
 Metaspace       used 22278K, capacity 22774K, committed 23040K, reserved 1069056K
  class space    used 3127K, capacity 3270K, committed 3328K, reserved 1048576K

Card table byte_map: [0x000000010e76e000,0x000000010eb6f000] byte_map_base: 0x000000010ad6e000

Marking Bits: (ParMarkBitMap*) 0x000000010dcf76c0
 Begin Bits: [0x000000011e109000, 0x0000000120109000)
 End Bits:   [0x0000000120109000, 0x0000000122109000)

Polling page: 0x000000010cabc000

CodeCache: size=245760Kb used=14861Kb max_used=15057Kb free=230899Kb
 bounds [0x000000010ee5e000, 0x000000010fd2e000, 0x000000011de5e000]
 total_blobs=4994 nmethods=4369 adapters=534
 compilation: enabled

Compilation events (10 events):
Event: 2187.716 Thread 0x00007ff40d05e000 nmethod 5236 0x000000010f0948d0 code [0x000000010f094a20, 0x000000010f094bd8]
Event: 2187.716 Thread 0x00007ff40e039800 nmethod 5235 0x000000010f0b0190 code [0x000000010f0b0460, 0x000000010f0b16a8]
Event: 2187.763 Thread 0x00007ff40e039800 5237       3       javax.swing.plaf.basic.BasicSliderUI::paintMajorTickForHorizSlider (14 bytes)
Event: 2187.763 Thread 0x00007ff40e039800 nmethod 5237 0x000000010f5effd0 code [0x000000010f5f0140, 0x000000010f5f0388]
Event: 2187.778 Thread 0x00007ff40e039800 5238       1       sun.java2d.loops.ScaledBlit::makePrimitive (2 bytes)
Event: 2187.778 Thread 0x00007ff40e039800 nmethod 5238 0x000000010f30b110 code [0x000000010f30b260, 0x000000010f30b370]
Event: 2187.927 Thread 0x00007ff40e039800 5239   !   3       java.awt.event.MouseEvent::getPoint (36 bytes)
Event: 2187.928 Thread 0x00007ff40e039800 nmethod 5239 0x000000010f6cc750 code [0x000000010f6cc8e0, 0x000000010f6ccd50]
Event: 2188.594 Thread 0x00007ff40e039800 5240   !   3       sun.lwawt.LWContainerPeer::findPeerAt (124 bytes)
Event: 2188.595 Thread 0x00007ff40e039800 nmethod 5240 0x000000010f1b6990 code [0x000000010f1b6be0, 0x000000010f1b7e18]

GC Heap History (10 events):
Event: 533.849 GC heap before
{Heap before GC invocations=20 (full 5):
 PSYoungGen      total 242688K, used 370K [0x0000000795580000, 0x00000007aee80000, 0x00000007c0000000)
  eden space 242176K, 0% used [0x0000000795580000,0x0000000795580000,0x00000007a4200000)
  from space 512K, 72% used [0x00000007adc80000,0x00000007adcdcaf0,0x00000007add00000)
  to   space 14336K, 0% used [0x00000007ae080000,0x00000007ae080000,0x00000007aee80000)
 ParOldGen       total 48640K, used 16288K [0x0000000740000000, 0x0000000742f80000, 0x0000000795580000)
  object space 48640K, 33% used [0x0000000740000000,0x0000000740fe8380,0x0000000742f80000)
 Metaspace       used 21355K, capacity 21756K, committed 21888K, reserved 1069056K
  class space    used 3085K, capacity 3195K, committed 3200K, reserved 1048576K
Event: 533.896 GC heap after
Heap after GC invocations=20 (full 5):
 PSYoungGen      total 242688K, used 0K [0x0000000795580000, 0x00000007aee80000, 0x00000007c0000000)
  eden space 242176K, 0% used [0x0000000795580000,0x0000000795580000,0x00000007a4200000)
  from space 512K, 0% used [0x00000007adc80000,0x00000007adc80000,0x00000007add00000)
  to   space 14336K, 0% used [0x00000007ae080000,0x00000007ae080000,0x00000007aee80000)
 ParOldGen       total 48640K, used 10441K [0x0000000740000000, 0x0000000742f80000, 0x0000000795580000)
  object space 48640K, 21% used [0x0000000740000000,0x0000000740a326c8,0x0000000742f80000)
 Metaspace       used 21355K, capacity 21756K, committed 21888K, reserved 1069056K
  class space    used 3085K, capacity 3195K, committed 3200K, reserved 1048576K
}
Event: 1080.529 GC heap before
{Heap before GC invocations=21 (full 5):
 PSYoungGen      total 242688K, used 235046K [0x0000000795580000, 0x00000007aee80000, 0x00000007c0000000)
  eden space 242176K, 97% used [0x0000000795580000,0x00000007a3b099a0,0x00000007a4200000)
  from space 512K, 0% used [0x00000007adc80000,0x00000007adc80000,0x00000007add00000)
  to   space 14336K, 0% used [0x00000007ae080000,0x00000007ae080000,0x00000007aee80000)
 ParOldGen       total 48640K, used 10441K [0x0000000740000000, 0x0000000742f80000, 0x0000000795580000)
  object space 48640K, 21% used [0x0000000740000000,0x0000000740a326c8,0x0000000742f80000)
 Metaspace       used 21572K, capacity 22048K, committed 22272K, reserved 1069056K
  class space    used 3123K, capacity 3269K, committed 3328K, reserved 1048576K
Event: 1080.533 GC heap after
Heap after GC invocations=21 (full 5):
 PSYoungGen      total 241664K, used 9231K [0x0000000795580000, 0x00000007aea00000, 0x00000007c0000000)
  eden space 231936K, 0% used [0x0000000795580000,0x0000000795580000,0x00000007a3800000)
  from space 9728K, 94% used [0x00000007ae080000,0x00000007ae983f18,0x00000007aea00000)
  to   space 14848K, 0% used [0x00000007acd00000,0x00000007acd00000,0x00000007adb80000)
 ParOldGen       total 48640K, used 10449K [0x0000000740000000, 0x0000000742f80000, 0x0000000795580000)
  object space 48640K, 21% used [0x0000000740000000,0x0000000740a346c8,0x0000000742f80000)
 Metaspace       used 21572K, capacity 22048K, committed 22272K, reserved 1069056K
  class space    used 3123K, capacity 3269K, committed 3328K, reserved 1048576K
}
Event: 1228.727 GC heap before
{Heap before GC invocations=22 (full 5):
 PSYoungGen      total 241664K, used 233499K [0x0000000795580000, 0x00000007aea00000, 0x00000007c0000000)
  eden space 231936K, 96% used [0x0000000795580000,0x00000007a3082dc8,0x00000007a3800000)
  from space 9728K, 94% used [0x00000007ae080000,0x00000007ae983f18,0x00000007aea00000)
  to   space 14848K, 0% used [0x00000007acd00000,0x00000007acd00000,0x00000007adb80000)
 ParOldGen       total 48640K, used 10449K [0x0000000740000000, 0x0000000742f80000, 0x0000000795580000)
  object space 48640K, 21% used [0x0000000740000000,0x0000000740a346c8,0x0000000742f80000)
 Metaspace       used 22010K, capacity 22502K, committed 22784K, reserved 1069056K
  class space    used 3124K, capacity 3270K, committed 3328K, reserved 1048576K
Event: 1228.732 GC heap after
Heap after GC invocations=22 (full 5):
 PSYoungGen      total 231424K, used 9071K [0x0000000795580000, 0x00000007ae100000, 0x00000007c0000000)
  eden space 222208K, 0% used [0x0000000795580000,0x0000000795580000,0x00000007a2e80000)
  from space 9216K, 98% used [0x00000007acd00000,0x00000007ad5dbd08,0x00000007ad600000)
  to   space 11264K, 0% used [0x00000007ad600000,0x00000007ad600000,0x00000007ae100000)
 ParOldGen       total 48640K, used 10850K [0x0000000740000000, 0x0000000742f80000, 0x0000000795580000)
  object space 48640K, 22% used [0x0000000740000000,0x0000000740a98828,0x0000000742f80000)
 Metaspace       used 22010K, capacity 22502K, committed 22784K, reserved 1069056K
  class space    used 3124K, capacity 3270K, committed 3328K, reserved 1048576K
}
Event: 1337.878 GC heap before
{Heap before GC invocations=23 (full 5):
 PSYoungGen      total 231424K, used 229075K [0x0000000795580000, 0x00000007ae100000, 0x00000007c0000000)
  eden space 222208K, 99% used [0x0000000795580000,0x00000007a2c591f8,0x00000007a2e80000)
  from space 9216K, 98% used [0x00000007acd00000,0x00000007ad5dbd08,0x00000007ad600000)
  to   space 11264K, 0% used [0x00000007ad600000,0x00000007ad600000,0x00000007ae100000)
 ParOldGen       total 48640K, used 10850K [0x0000000740000000, 0x0000000742f80000, 0x0000000795580000)
  object space 48640K, 22% used [0x0000000740000000,0x0000000740a98828,0x0000000742f80000)
 Metaspace       used 22017K, capacity 22502K, committed 22784K, reserved 1069056K
  class space    used 3124K, capacity 3270K, committed 3328K, reserved 1048576K
Event: 1337.884 GC heap after
Heap after GC invocations=23 (full 5):
 PSYoungGen      total 222208K, used 8830K [0x0000000795580000, 0x00000007adf00000, 0x00000007c0000000)
  eden space 212992K, 0% used [0x0000000795580000,0x0000000795580000,0x00000007a2580000)
  from space 9216K, 95% used [0x00000007ad600000,0x00000007ade9f968,0x00000007adf00000)
  to   space 15872K, 0% used [0x00000007ac000000,0x00000007ac000000,0x00000007acf80000)
 ParOldGen       total 48640K, used 11130K [0x0000000740000000, 0x0000000742f80000, 0x0000000795580000)
  object space 48640K, 22% used [0x0000000740000000,0x0000000740ade868,0x0000000742f80000)
 Metaspace       used 22017K, capacity 22502K, committed 22784K, reserved 1069056K
  class space    used 3124K, capacity 3270K, committed 3328K, reserved 1048576K
}
Event: 2192.369 GC heap before
{Heap before GC invocations=24 (full 5):
 PSYoungGen      total 222208K, used 221251K [0x0000000795580000, 0x00000007adf00000, 0x00000007c0000000)
  eden space 212992K, 99% used [0x0000000795580000,0x00000007a24f1598,0x00000007a2580000)
  from space 9216K, 95% used [0x00000007ad600000,0x00000007ade9f968,0x00000007adf00000)
  to   space 15872K, 0% used [0x00000007ac000000,0x00000007ac000000,0x00000007acf80000)
 ParOldGen       total 48640K, used 11130K [0x0000000740000000, 0x0000000742f80000, 0x0000000795580000)
  object space 48640K, 22% used [0x0000000740000000,0x0000000740ade868,0x0000000742f80000)
 Metaspace       used 22278K, capacity 22774K, committed 23040K, reserved 1069056K
  class space    used 3127K, capacity 3270K, committed 3328K, reserved 1048576K
Event: 2192.379 GC heap after
Heap after GC invocations=24 (full 5):
 PSYoungGen      total 219648K, used 15269K [0x0000000795580000, 0x00000007ad680000, 0x00000007c0000000)
  eden space 204288K, 0% used [0x0000000795580000,0x0000000795580000,0x00000007a1d00000)
  from space 15360K, 99% used [0x00000007ac000000,0x00000007acee9438,0x00000007acf00000)
  to   space 7680K, 0% used [0x00000007acf00000,0x00000007acf00000,0x00000007ad680000)
 ParOldGen       total 48640K, used 23575K [0x0000000740000000, 0x0000000742f80000, 0x0000000795580000)
  object space 48640K, 48% used [0x0000000740000000,0x0000000741705e08,0x0000000742f80000)
 Metaspace       used 22278K, capacity 22774K, committed 23040K, reserved 1069056K
  class space    used 3127K, capacity 3270K, committed 3328K, reserved 1048576K
}

Deoptimization events (10 events):
Event: 2017.324 Thread 0x00007ff40d8bc800 Uncommon trap: reason=class_check action=maybe_recompile pc=0x000000010f842a20 method=java.util.HashMap.removeNode(ILjava/lang/Object;Ljava/lang/Object;ZZ)Ljava/util/HashMap$Node; @ 68
Event: 2017.324 Thread 0x00007ff40d8bc800 Uncommon trap: reason=class_check action=maybe_recompile pc=0x000000010fcedd78 method=java.util.HashMap.putMapEntries(Ljava/util/Map;Z)V @ 1
Event: 2017.331 Thread 0x00007ff40d8bc800 Uncommon trap: reason=null_check action=make_not_entrant pc=0x000000010f6ab30c method=sun.java2d.pipe.BufferedContext.validate(Lsun/java2d/pipe/hw/AccelSurface;Lsun/java2d/pipe/hw/AccelSurface;Lsun/java2d/pipe/Region;Ljava/awt/Composite;Ljava/awt/geom/Aff
Event: 2017.331 Thread 0x00007ff40d8bc800 Uncommon trap: reason=null_check action=make_not_entrant pc=0x000000010f64f4ec method=java.awt.geom.AffineTransform.equals(Ljava/lang/Object;)Z @ 1
Event: 2017.397 Thread 0x00007ff40d8bc800 Uncommon trap: reason=class_check action=maybe_recompile pc=0x000000010fcedd78 method=java.util.HashMap.putMapEntries(Ljava/util/Map;Z)V @ 1
Event: 2184.089 Thread 0x00007ff40d8bc800 Uncommon trap: reason=class_check action=maybe_recompile pc=0x000000010f842a20 method=java.util.HashMap.removeNode(ILjava/lang/Object;Ljava/lang/Object;ZZ)Ljava/util/HashMap$Node; @ 68
Event: 2184.089 Thread 0x00007ff40d8bc800 Uncommon trap: reason=class_check action=maybe_recompile pc=0x000000010fcedd78 method=java.util.HashMap.putMapEntries(Ljava/util/Map;Z)V @ 1
Event: 2184.212 Thread 0x00007ff40d8bc800 Uncommon trap: reason=class_check action=maybe_recompile pc=0x000000010fcedd78 method=java.util.HashMap.putMapEntries(Ljava/util/Map;Z)V @ 1
Event: 2187.763 Thread 0x00007ff40e54a800 Uncommon trap: reason=unstable_if action=reinterpret pc=0x000000010fa40f48 method=sun.java2d.pipe.PixelToParallelogramConverter.drawGeneralLine(Lsun/java2d/SunGraphics2D;DDDD)Z @ 45
Event: 2187.763 Thread 0x00007ff40e54a800 Uncommon trap: reason=unstable_if action=reinterpret pc=0x000000010f6408c0 method=sun.java2d.pipe.PixelToParallelogramConverter.drawLine(Lsun/java2d/SunGraphics2D;IIII)V @ 15

Classes redefined (0 events):
No events

Internal exceptions (10 events):
Event: 4.297 Thread 0x00007ff40d04b800 Exception <a 'java/lang/NullPointerException'> (0x0000000795890f10) thrown at [/Users/java_re/workspace/8-2-build-macosx-x86_64/jdk8u161/10277/hotspot/src/share/vm/interpreter/linkResolver.cpp, line 1185]
Event: 4.300 Thread 0x00007ff40d04b800 Exception <a 'java/lang/NullPointerException'> (0x00000007958911a0) thrown at [/Users/java_re/workspace/8-2-build-macosx-x86_64/jdk8u161/10277/hotspot/src/share/vm/interpreter/linkResolver.cpp, line 1185]
Event: 4.302 Thread 0x00007ff40d04b800 Exception <a 'java/lang/NullPointerException'> (0x00000007958914b8) thrown at [/Users/java_re/workspace/8-2-build-macosx-x86_64/jdk8u161/10277/hotspot/src/share/vm/interpreter/linkResolver.cpp, line 1185]
Event: 12.199 Thread 0x00007ff40d04b800 Exception <a 'java/lang/NullPointerException'> (0x000000079641fa48) thrown at [/Users/java_re/workspace/8-2-build-macosx-x86_64/jdk8u161/10277/hotspot/src/share/vm/interpreter/linkResolver.cpp, line 1185]
Event: 15.038 Thread 0x00007ff40e54a800 Implicit null exception at 0x000000010f5f9738 to 0x000000010f5f99e5
Event: 520.499 Thread 0x00007ff40e7f7000 Implicit null exception at 0x000000010f82f7ed to 0x000000010f833481
Event: 683.532 Thread 0x00007ff40e54a800 Implicit null exception at 0x000000010f3ee2ea to 0x000000010f3ee3d5
Event: 1142.715 Thread 0x00007ff40d8bc800 Implicit null exception at 0x000000010f953888 to 0x000000010f956a11
Event: 2017.331 Thread 0x00007ff40d8bc800 Implicit null exception at 0x000000010f6a9e9b to 0x000000010f6ab2c9
Event: 2017.331 Thread 0x00007ff40d8bc800 Implicit null exception at 0x000000010f64f38c to 0x000000010f64f4dd

Events (10 events):
Event: 2187.928 Thread 0x00007ff40e039800 flushing nmethod 0x000000010f953250
Event: 2187.928 Thread 0x00007ff40e039800 flushing nmethod 0x000000010f963f50
Event: 2188.595 Thread 0x00007ff40e039800 flushing nmethod 0x000000010f990790
Event: 2188.595 Thread 0x00007ff40e039800 flushing nmethod 0x000000010f9cef50
Event: 2188.596 Thread 0x00007ff40e039800 flushing nmethod 0x000000010fa347d0
Event: 2188.596 Thread 0x00007ff40e039800 flushing nmethod 0x000000010fa3ec90
Event: 2192.266 Executing VM operation: BulkRevokeBias
Event: 2192.267 Executing VM operation: BulkRevokeBias done
Event: 2192.369 Executing VM operation: ParallelGCFailedAllocation
Event: 2192.379 Executing VM operation: ParallelGCFailedAllocation done


Dynamic libraries:
0x0000000006a38000 	/System/Library/Frameworks/Cocoa.framework/Versions/A/Cocoa
0x0000000006a38000 	/System/Library/Frameworks/Security.framework/Versions/A/Security
0x0000000006a38000 	/System/Library/Frameworks/ApplicationServices.framework/Versions/A/ApplicationServices
0x0000000006a38000 	/usr/lib/libz.1.dylib
0x0000000006a38000 	/usr/lib/libSystem.B.dylib
0x0000000006a38000 	/usr/lib/libobjc.A.dylib
0x0000000006a38000 	/System/Library/Frameworks/CoreFoundation.framework/Versions/A/CoreFoundation
0x0000000006a38000 	/System/Library/Frameworks/Foundation.framework/Versions/C/Foundation
0x0000000006a38000 	/System/Library/Frameworks/AppKit.framework/Versions/C/AppKit
0x0000000006a38000 	/System/Library/Frameworks/CoreData.framework/Versions/A/CoreData
0x0000000006a38000 	/System/Library/PrivateFrameworks/RemoteViewServices.framework/Versions/A/RemoteViewServices
0x0000000006a38000 	/System/Library/PrivateFrameworks/UIFoundation.framework/Versions/A/UIFoundation
0x0000000006a38000 	/System/Library/PrivateFrameworks/DFRFoundation.framework/Versions/A/DFRFoundation
0x0000000006a38000 	/System/Library/Frameworks/Metal.framework/Versions/A/Metal
0x0000000006a38000 	/System/Library/PrivateFrameworks/DesktopServicesPriv.framework/Versions/A/DesktopServicesPriv
0x0000000006a38000 	/usr/lib/libenergytrace.dylib
0x0000000006a38000 	/System/Library/PrivateFrameworks/SkyLight.framework/Versions/A/SkyLight
0x0000000006a38000 	/System/Library/Frameworks/CoreGraphics.framework/Versions/A/CoreGraphics
0x0000000006a38000 	/usr/lib/libScreenReader.dylib
0x0000000006a38000 	/System/Library/Frameworks/Accelerate.framework/Versions/A/Accelerate
0x0000000006a38000 	/System/Library/Frameworks/IOSurface.framework/Versions/A/IOSurface
0x0000000006a38000 	/System/Library/Frameworks/AudioToolbox.framework/Versions/A/AudioToolbox
0x0000000006a38000 	/System/Library/Frameworks/AudioUnit.framework/Versions/A/AudioUnit
0x0000000006a38000 	/System/Library/PrivateFrameworks/DataDetectorsCore.framework/Versions/A/DataDetectorsCore
0x0000000006a38000 	/System/Library/Frameworks/Carbon.framework/Versions/A/Frameworks/HIToolbox.framework/Versions/A/HIToolbox
0x0000000006a38000 	/usr/lib/libicucore.A.dylib
0x0000000006a38000 	/System/Library/Frameworks/QuartzCore.framework/Versions/A/QuartzCore
0x0000000006a38000 	/System/Library/PrivateFrameworks/SignpostNotification.framework/Versions/A/SignpostNotification
0x0000000006a38000 	/System/Library/Frameworks/Carbon.framework/Versions/A/Frameworks/SpeechRecognition.framework/Versions/A/SpeechRecognition
0x0000000006a38000 	/usr/lib/libauto.dylib
0x0000000006a38000 	/usr/lib/libxml2.2.dylib
0x0000000006a38000 	/System/Library/PrivateFrameworks/CoreUI.framework/Versions/A/CoreUI
0x0000000006a38000 	/System/Library/Frameworks/CoreAudio.framework/Versions/A/CoreAudio
0x0000000006a38000 	/System/Library/Frameworks/DiskArbitration.framework/Versions/A/DiskArbitration
0x0000000006a38000 	/usr/lib/liblangid.dylib
0x0000000006a38000 	/System/Library/PrivateFrameworks/MultitouchSupport.framework/Versions/A/MultitouchSupport
0x0000000006a38000 	/System/Library/Frameworks/IOKit.framework/Versions/A/IOKit
0x0000000006a38000 	/usr/lib/libDiagnosticMessagesClient.dylib
0x0000000006a38000 	/System/Library/Frameworks/CoreServices.framework/Versions/A/CoreServices
0x0000000006a38000 	/System/Library/PrivateFrameworks/PerformanceAnalysis.framework/Versions/A/PerformanceAnalysis
0x0000000006a38000 	/System/Library/Frameworks/OpenGL.framework/Versions/A/OpenGL
0x0000000006a38000 	/System/Library/Frameworks/ColorSync.framework/Versions/A/ColorSync
0x0000000006a38000 	/System/Library/Frameworks/CoreImage.framework/Versions/A/CoreImage
0x0000000006a38000 	/System/Library/Frameworks/CoreText.framework/Versions/A/CoreText
0x0000000006a38000 	/System/Library/Frameworks/ImageIO.framework/Versions/A/ImageIO
0x0000000006a38000 	/System/Library/PrivateFrameworks/Backup.framework/Versions/A/Backup
0x0000000006a38000 	/usr/lib/libarchive.2.dylib
0x0000000006a38000 	/System/Library/Frameworks/CFNetwork.framework/Versions/A/CFNetwork
0x0000000006a38000 	/System/Library/Frameworks/SystemConfiguration.framework/Versions/A/SystemConfiguration
0x0000000006a38000 	/usr/lib/libCRFSuite.dylib
0x0000000006a38000 	/usr/lib/libc++.1.dylib
0x0000000006a38000 	/usr/lib/libc++abi.dylib
0x0000000006a38000 	/usr/lib/system/libcache.dylib
0x0000000006a38000 	/usr/lib/system/libcommonCrypto.dylib
0x0000000006a38000 	/usr/lib/system/libcompiler_rt.dylib
0x0000000006a38000 	/usr/lib/system/libcopyfile.dylib
0x0000000006a38000 	/usr/lib/system/libcorecrypto.dylib
0x0000000006a38000 	/usr/lib/system/libdispatch.dylib
0x0000000006a38000 	/usr/lib/system/libdyld.dylib
0x0000000006a38000 	/usr/lib/system/libkeymgr.dylib
0x0000000006a38000 	/usr/lib/system/liblaunch.dylib
0x0000000006a38000 	/usr/lib/system/libmacho.dylib
0x0000000006a38000 	/usr/lib/system/libquarantine.dylib
0x0000000006a38000 	/usr/lib/system/libremovefile.dylib
0x0000000006a38000 	/usr/lib/system/libsystem_asl.dylib
0x0000000006a38000 	/usr/lib/system/libsystem_blocks.dylib
0x0000000006a38000 	/usr/lib/system/libsystem_c.dylib
0x0000000006a38000 	/usr/lib/system/libsystem_configuration.dylib
0x0000000006a38000 	/usr/lib/system/libsystem_coreservices.dylib
0x0000000006a38000 	/usr/lib/system/libsystem_darwin.dylib
0x0000000006a38000 	/usr/lib/system/libsystem_dnssd.dylib
0x0000000006a38000 	/usr/lib/system/libsystem_info.dylib
0x0000000006a38000 	/usr/lib/system/libsystem_m.dylib
0x0000000006a38000 	/usr/lib/system/libsystem_malloc.dylib
0x0000000006a38000 	/usr/lib/system/libsystem_network.dylib
0x0000000006a38000 	/usr/lib/system/libsystem_networkextension.dylib
0x0000000006a38000 	/usr/lib/system/libsystem_notify.dylib
0x0000000006a38000 	/usr/lib/system/libsystem_sandbox.dylib
0x0000000006a38000 	/usr/lib/system/libsystem_secinit.dylib
0x0000000006a38000 	/usr/lib/system/libsystem_kernel.dylib
0x0000000006a38000 	/usr/lib/system/libsystem_platform.dylib
0x0000000006a38000 	/usr/lib/system/libsystem_pthread.dylib
0x0000000006a38000 	/usr/lib/system/libsystem_symptoms.dylib
0x0000000006a38000 	/usr/lib/system/libsystem_trace.dylib
0x0000000006a38000 	/usr/lib/system/libunwind.dylib
0x0000000006a38000 	/usr/lib/system/libxpc.dylib
0x0000000006a38000 	/usr/lib/closure/libclosured.dylib
0x0000000006a38000 	/usr/lib/libbsm.0.dylib
0x0000000006a38000 	/usr/lib/system/libkxld.dylib
0x0000000006a38000 	/usr/lib/libOpenScriptingUtil.dylib
0x0000000006a38000 	/usr/lib/libcoretls.dylib
0x0000000006a38000 	/usr/lib/libcoretls_cfhelpers.dylib
0x0000000006a38000 	/usr/lib/libpam.2.dylib
0x0000000006a38000 	/usr/lib/libsqlite3.dylib
0x0000000006a38000 	/usr/lib/libxar.1.dylib
0x0000000006a38000 	/usr/lib/libbz2.1.0.dylib
0x0000000006a38000 	/usr/lib/liblzma.5.dylib
0x0000000006a38000 	/usr/lib/libnetwork.dylib
0x0000000006a38000 	/usr/lib/libapple_nghttp2.dylib
0x0000000006a38000 	/usr/lib/libpcap.A.dylib
0x0000000006a38000 	/usr/lib/libboringssl.dylib
0x0000000006a38000 	/usr/lib/libusrtcp.dylib
0x0000000006a38000 	/usr/lib/libapple_crypto.dylib
0x0000000006a38000 	/System/Library/Frameworks/CoreServices.framework/Versions/A/Frameworks/FSEvents.framework/Versions/A/FSEvents
0x0000000006a38000 	/System/Library/Frameworks/CoreServices.framework/Versions/A/Frameworks/CarbonCore.framework/Versions/A/CarbonCore
0x0000000006a38000 	/System/Library/Frameworks/CoreServices.framework/Versions/A/Frameworks/Metadata.framework/Versions/A/Metadata
0x0000000006a38000 	/System/Library/Frameworks/CoreServices.framework/Versions/A/Frameworks/OSServices.framework/Versions/A/OSServices
0x0000000006a38000 	/System/Library/Frameworks/CoreServices.framework/Versions/A/Frameworks/SearchKit.framework/Versions/A/SearchKit
0x0000000006a38000 	/System/Library/Frameworks/CoreServices.framework/Versions/A/Frameworks/AE.framework/Versions/A/AE
0x0000000006a38000 	/System/Library/Frameworks/CoreServices.framework/Versions/A/Frameworks/LaunchServices.framework/Versions/A/LaunchServices
0x0000000006a38000 	/System/Library/Frameworks/CoreServices.framework/Versions/A/Frameworks/DictionaryServices.framework/Versions/A/DictionaryServices
0x0000000006a38000 	/System/Library/Frameworks/CoreServices.framework/Versions/A/Frameworks/SharedFileList.framework/Versions/A/SharedFileList
0x0000000006a38000 	/System/Library/Frameworks/NetFS.framework/Versions/A/NetFS
0x0000000006a38000 	/System/Library/PrivateFrameworks/NetAuth.framework/Versions/A/NetAuth
0x0000000006a38000 	/System/Library/PrivateFrameworks/login.framework/Versions/A/Frameworks/loginsupport.framework/Versions/A/loginsupport
0x0000000006a38000 	/System/Library/PrivateFrameworks/TCC.framework/Versions/A/TCC
0x0000000006a38000 	/usr/lib/libmecabra.dylib
0x0000000006a38000 	/System/Library/Frameworks/ApplicationServices.framework/Versions/A/Frameworks/ATS.framework/Versions/A/ATS
0x0000000006a38000 	/System/Library/Frameworks/ApplicationServices.framework/Versions/A/Frameworks/ColorSyncLegacy.framework/Versions/A/ColorSyncLegacy
0x0000000006a38000 	/System/Library/Frameworks/ApplicationServices.framework/Versions/A/Frameworks/HIServices.framework/Versions/A/HIServices
0x0000000006a38000 	/System/Library/Frameworks/ApplicationServices.framework/Versions/A/Frameworks/LangAnalysis.framework/Versions/A/LangAnalysis
0x0000000006a38000 	/System/Library/Frameworks/ApplicationServices.framework/Versions/A/Frameworks/PrintCore.framework/Versions/A/PrintCore
0x0000000006a38000 	/System/Library/Frameworks/ApplicationServices.framework/Versions/A/Frameworks/QD.framework/Versions/A/QD
0x0000000006a38000 	/System/Library/Frameworks/ApplicationServices.framework/Versions/A/Frameworks/SpeechSynthesis.framework/Versions/A/SpeechSynthesis
0x0000000006a38000 	/System/Library/Frameworks/CoreDisplay.framework/Versions/A/CoreDisplay
0x0000000006a38000 	/System/Library/Frameworks/Accelerate.framework/Versions/A/Frameworks/vImage.framework/Versions/A/vImage
0x0000000006a38000 	/System/Library/Frameworks/Accelerate.framework/Versions/A/Frameworks/vecLib.framework/Versions/A/vecLib
0x0000000006a38000 	/System/Library/Frameworks/Accelerate.framework/Versions/A/Frameworks/vecLib.framework/Versions/A/libvDSP.dylib
0x0000000006a38000 	/System/Library/Frameworks/Accelerate.framework/Versions/A/Frameworks/vecLib.framework/Versions/A/libBNNS.dylib
0x0000000006a38000 	/System/Library/Frameworks/Accelerate.framework/Versions/A/Frameworks/vecLib.framework/Versions/A/libQuadrature.dylib
0x0000000006a38000 	/System/Library/Frameworks/Accelerate.framework/Versions/A/Frameworks/vecLib.framework/Versions/A/libvMisc.dylib
0x0000000006a38000 	/System/Library/Frameworks/Accelerate.framework/Versions/A/Frameworks/vecLib.framework/Versions/A/libLAPACK.dylib
0x0000000006a38000 	/System/Library/Frameworks/Accelerate.framework/Versions/A/Frameworks/vecLib.framework/Versions/A/libBLAS.dylib
0x0000000006a38000 	/System/Library/Frameworks/Accelerate.framework/Versions/A/Frameworks/vecLib.framework/Versions/A/libLinearAlgebra.dylib
0x0000000006a38000 	/System/Library/Frameworks/Accelerate.framework/Versions/A/Frameworks/vecLib.framework/Versions/A/libSparse.dylib
0x0000000006a38000 	/System/Library/Frameworks/Accelerate.framework/Versions/A/Frameworks/vecLib.framework/Versions/A/libSparseBLAS.dylib
0x0000000006a38000 	/System/Library/PrivateFrameworks/GPUWrangler.framework/Versions/A/GPUWrangler
0x0000000006a38000 	/System/Library/PrivateFrameworks/IOAccelerator.framework/Versions/A/IOAccelerator
0x0000000006a38000 	/System/Library/PrivateFrameworks/IOPresentment.framework/Versions/A/IOPresentment
0x0000000006a38000 	/System/Library/PrivateFrameworks/DSExternalDisplay.framework/Versions/A/DSExternalDisplay
0x0000000006a38000 	/System/Library/Frameworks/OpenGL.framework/Versions/A/Libraries/libCoreFSCache.dylib
0x0000000006a38000 	/System/Library/Frameworks/CoreVideo.framework/Versions/A/CoreVideo
0x0000000006a38000 	/System/Library/PrivateFrameworks/GraphVisualizer.framework/Versions/A/GraphVisualizer
0x0000000006a38000 	/System/Library/Frameworks/MetalPerformanceShaders.framework/Versions/A/MetalPerformanceShaders
0x0000000006a38000 	/usr/lib/libFosl_dynamic.dylib
0x0000000006a38000 	/System/Library/PrivateFrameworks/FaceCore.framework/Versions/A/FaceCore
0x0000000006a38000 	/System/Library/Frameworks/OpenCL.framework/Versions/A/OpenCL
0x0000000006a38000 	/usr/lib/libcompression.dylib
0x0000000006a38000 	/System/Library/Frameworks/ApplicationServices.framework/Versions/A/Frameworks/ATS.framework/Versions/A/Resources/libFontParser.dylib
0x0000000006a38000 	/System/Library/Frameworks/ApplicationServices.framework/Versions/A/Frameworks/ATS.framework/Versions/A/Resources/libFontRegistry.dylib
0x0000000006a38000 	/System/Library/Frameworks/ImageIO.framework/Versions/A/Resources/libJPEG.dylib
0x0000000006a38000 	/System/Library/Frameworks/ImageIO.framework/Versions/A/Resources/libTIFF.dylib
0x0000000006a38000 	/System/Library/Frameworks/ImageIO.framework/Versions/A/Resources/libPng.dylib
0x0000000006a38000 	/System/Library/Frameworks/ImageIO.framework/Versions/A/Resources/libGIF.dylib
0x0000000006a38000 	/System/Library/Frameworks/ImageIO.framework/Versions/A/Resources/libJP2.dylib
0x0000000006a38000 	/System/Library/Frameworks/ImageIO.framework/Versions/A/Resources/libRadiance.dylib
0x0000000006a38000 	/System/Library/PrivateFrameworks/AppleJPEG.framework/Versions/A/AppleJPEG
0x0000000006a38000 	/System/Library/Frameworks/MetalPerformanceShaders.framework/Frameworks/MPSCore.framework/Versions/A/MPSCore
0x0000000006a38000 	/System/Library/Frameworks/MetalPerformanceShaders.framework/Frameworks/MPSImage.framework/Versions/A/MPSImage
0x0000000006a38000 	/System/Library/Frameworks/MetalPerformanceShaders.framework/Frameworks/MPSNeuralNetwork.framework/Versions/A/MPSNeuralNetwork
0x0000000006a38000 	/System/Library/Frameworks/MetalPerformanceShaders.framework/Frameworks/MPSMatrix.framework/Versions/A/MPSMatrix
0x0000000006a38000 	/System/Library/PrivateFrameworks/MetalTools.framework/Versions/A/MetalTools
0x0000000006a38000 	/System/Library/Frameworks/OpenGL.framework/Versions/A/Libraries/libGLU.dylib
0x0000000006a38000 	/System/Library/Frameworks/OpenGL.framework/Versions/A/Libraries/libGFXShared.dylib
0x0000000006a38000 	/System/Library/Frameworks/OpenGL.framework/Versions/A/Libraries/libGL.dylib
0x0000000006a38000 	/System/Library/Frameworks/OpenGL.framework/Versions/A/Libraries/libGLImage.dylib
0x0000000006a38000 	/System/Library/Frameworks/OpenGL.framework/Versions/A/Libraries/libCVMSPluginSupport.dylib
0x0000000006a38000 	/System/Library/Frameworks/OpenGL.framework/Versions/A/Libraries/libCoreVMClient.dylib
0x0000000006a38000 	/usr/lib/libcups.2.dylib
0x0000000006a38000 	/System/Library/Frameworks/Kerberos.framework/Versions/A/Kerberos
0x0000000006a38000 	/System/Library/Frameworks/GSS.framework/Versions/A/GSS
0x0000000006a38000 	/usr/lib/libresolv.9.dylib
0x0000000006a38000 	/usr/lib/libiconv.2.dylib
0x0000000006a38000 	/System/Library/PrivateFrameworks/Heimdal.framework/Versions/A/Heimdal
0x0000000006a38000 	/usr/lib/libheimdal-asn1.dylib
0x0000000006a38000 	/System/Library/Frameworks/OpenDirectory.framework/Versions/A/OpenDirectory
0x0000000006a38000 	/System/Library/PrivateFrameworks/CommonAuth.framework/Versions/A/CommonAuth
0x0000000006a38000 	/System/Library/Frameworks/OpenDirectory.framework/Versions/A/Frameworks/CFOpenDirectory.framework/Versions/A/CFOpenDirectory
0x0000000006a38000 	/System/Library/Frameworks/SecurityFoundation.framework/Versions/A/SecurityFoundation
0x0000000006a38000 	/System/Library/PrivateFrameworks/APFS.framework/Versions/A/APFS
0x0000000006a38000 	/usr/lib/libutil.dylib
0x0000000006a38000 	/System/Library/PrivateFrameworks/AppleSauce.framework/Versions/A/AppleSauce
0x0000000006a38000 	/System/Library/PrivateFrameworks/LinguisticData.framework/Versions/A/LinguisticData
0x0000000006a38000 	/usr/lib/libmarisa.dylib
0x0000000006a38000 	/System/Library/PrivateFrameworks/Lexicon.framework/Versions/A/Lexicon
0x0000000006a38000 	/usr/lib/libChineseTokenizer.dylib
0x0000000006a38000 	/usr/lib/libcmph.dylib
0x0000000006a38000 	/System/Library/PrivateFrameworks/LanguageModeling.framework/Versions/A/LanguageModeling
0x0000000006a38000 	/System/Library/PrivateFrameworks/CoreEmoji.framework/Versions/A/CoreEmoji
0x0000000006a38000 	/System/Library/Frameworks/ServiceManagement.framework/Versions/A/ServiceManagement
0x0000000006a38000 	/System/Library/PrivateFrameworks/BackgroundTaskManagement.framework/Versions/A/BackgroundTaskManagement
0x0000000006a38000 	/usr/lib/libxslt.1.dylib
0x0000000006a38000 	/System/Library/Frameworks/Carbon.framework/Versions/A/Frameworks/Ink.framework/Versions/A/Ink
0x0000000006a38000 	/System/Library/PrivateFrameworks/TextureIO.framework/Versions/A/TextureIO
0x0000000006a38000 	/usr/lib/libate.dylib
0x0000000006a38000 	/System/Library/PrivateFrameworks/CrashReporterSupport.framework/Versions/A/CrashReporterSupport
0x0000000006a38000 	/System/Library/PrivateFrameworks/Sharing.framework/Versions/A/Sharing
0x0000000006a38000 	/System/Library/PrivateFrameworks/IconServices.framework/Versions/A/IconServices
0x0000000006a38000 	/System/Library/PrivateFrameworks/Apple80211.framework/Versions/A/Apple80211
0x0000000006a38000 	/System/Library/PrivateFrameworks/CoreUtils.framework/Versions/A/CoreUtils
0x0000000006a38000 	/System/Library/Frameworks/CoreWLAN.framework/Versions/A/CoreWLAN
0x0000000006a38000 	/System/Library/Frameworks/IOBluetooth.framework/Versions/A/IOBluetooth
0x0000000006a38000 	/System/Library/PrivateFrameworks/ProtocolBuffer.framework/Versions/A/ProtocolBuffer
0x0000000006a38000 	/System/Library/PrivateFrameworks/CoreWiFi.framework/Versions/A/CoreWiFi
0x0000000006a38000 	/System/Library/Frameworks/CoreBluetooth.framework/Versions/A/CoreBluetooth
0x0000000006a38000 	/System/Library/PrivateFrameworks/DebugSymbols.framework/Versions/A/DebugSymbols
0x0000000006a38000 	/System/Library/PrivateFrameworks/CoreSymbolication.framework/Versions/A/CoreSymbolication
0x0000000006a38000 	/System/Library/PrivateFrameworks/Symbolication.framework/Versions/A/Symbolication
0x0000000006a38000 	/System/Library/PrivateFrameworks/AppleFSCompression.framework/Versions/A/AppleFSCompression
0x0000000006a38000 	/System/Library/PrivateFrameworks/SpeechRecognitionCore.framework/Versions/A/SpeechRecognitionCore
0x000000010d400000 	/Library/Internet Plug-Ins/JavaAppletPlugin.plugin/Contents/Home/lib/server/libjvm.dylib
0x0000000006a38000 	/usr/lib/libstdc++.6.0.9.dylib
0x000000010ca78000 	/Library/Internet Plug-Ins/JavaAppletPlugin.plugin/Contents/Home/lib/libverify.dylib
0x000000010ca86000 	/Library/Internet Plug-Ins/JavaAppletPlugin.plugin/Contents/Home/lib/libjava.dylib
0x000000010cb06000 	/Library/Internet Plug-Ins/JavaAppletPlugin.plugin/Contents/Home/lib/libzip.dylib
0x000000010cbed000 	/Library/Internet Plug-Ins/JavaAppletPlugin.plugin/Contents/Home/lib/libosx.dylib
0x0000000125841000 	/Library/Internet Plug-Ins/JavaAppletPlugin.plugin/Contents/Home/lib/./libosxapp.dylib
0x0000000006a38000 	/System/Library/Frameworks/JavaVM.framework/Versions/A/Frameworks/JavaNativeFoundation.framework/Versions/A/JavaNativeFoundation
0x0000000006a38000 	/System/Library/Frameworks/JavaVM.framework/Versions/A/Frameworks/JavaRuntimeSupport.framework/Versions/A/JavaRuntimeSupport
0x0000000006a38000 	/System/Library/Frameworks/Carbon.framework/Versions/A/Carbon
0x0000000006a38000 	/System/Library/Frameworks/ExceptionHandling.framework/Versions/A/ExceptionHandling
0x0000000006a38000 	/System/Library/Frameworks/Carbon.framework/Versions/A/Frameworks/CommonPanels.framework/Versions/A/CommonPanels
0x0000000006a38000 	/System/Library/Frameworks/Carbon.framework/Versions/A/Frameworks/Help.framework/Versions/A/Help
0x0000000006a38000 	/System/Library/Frameworks/Carbon.framework/Versions/A/Frameworks/ImageCapture.framework/Versions/A/ImageCapture
0x0000000006a38000 	/System/Library/Frameworks/Carbon.framework/Versions/A/Frameworks/OpenScripting.framework/Versions/A/OpenScripting
0x0000000006a38000 	/System/Library/Frameworks/Carbon.framework/Versions/A/Frameworks/Print.framework/Versions/A/Print
0x0000000006a38000 	/System/Library/Frameworks/Carbon.framework/Versions/A/Frameworks/SecurityHI.framework/Versions/A/SecurityHI
0x0000000006a38000 	/System/Library/Frameworks/JavaVM.framework/Versions/A/JavaVM
0x0000000006a38000 	/System/Library/PrivateFrameworks/JavaLaunching.framework/Versions/A/JavaLaunching
0x000000012585d000 	/Library/Internet Plug-Ins/JavaAppletPlugin.plugin/Contents/Home/lib/libawt.dylib
0x0000000125907000 	/Library/Internet Plug-Ins/JavaAppletPlugin.plugin/Contents/Home/lib/./libmlib_image.dylib
0x00000001259d3000 	/Library/Internet Plug-Ins/JavaAppletPlugin.plugin/Contents/Home/lib/libawt_lwawt.dylib
0x0000000006a38000 	/System/Library/PrivateFrameworks/CoreServicesInternal.framework/Versions/A/CoreServicesInternal
0x0000000006a38000 	/System/Library/CoreServices/RawCamera.bundle/Contents/MacOS/RawCamera
0x0000000006a38000 	/System/Library/PrivateFrameworks/MobileAsset.framework/Versions/A/MobileAsset
0x0000000006a38000 	/System/Library/PrivateFrameworks/StreamingZip.framework/Versions/A/StreamingZip
0x0000000006a38000 	/System/Library/Frameworks/MediaToolbox.framework/Versions/A/MediaToolbox
0x0000000006a38000 	/System/Library/PrivateFrameworks/CoreAVCHD.framework/Versions/A/CoreAVCHD
0x0000000006a38000 	/System/Library/Frameworks/MediaAccessibility.framework/Versions/A/MediaAccessibility
0x0000000006a38000 	/System/Library/PrivateFrameworks/Mangrove.framework/Versions/A/Mangrove
0x0000000006a38000 	/System/Library/Frameworks/CoreMedia.framework/Versions/A/CoreMedia
0x0000000006a38000 	/System/Library/Frameworks/VideoToolbox.framework/Versions/A/VideoToolbox
0x0000000006a38000 	/System/Library/PrivateFrameworks/CoreAUC.framework/Versions/A/CoreAUC
0x0000000006a38000 	/usr/lib/libspindump.dylib
0x0000000006a38000 	/System/Library/PrivateFrameworks/AppleVA.framework/Versions/A/AppleVA
0x0000000006a38000 	/System/Library/Frameworks/Accelerate.framework/Versions/A/Frameworks/vImage.framework/Versions/A/Libraries/libCGInterfaces.dylib
0x0000000006a38000 	/System/Library/Frameworks/ApplicationServices.framework/Versions/A/Frameworks/ATS.framework/Versions/A/Resources/libTrueTypeScaler.dylib
0x0000000006a38000 	/System/Library/Extensions/AppleIntelKBLGraphicsMTLDriver.bundle/Contents/MacOS/AppleIntelKBLGraphicsMTLDriver
0x0000000006a38000 	/System/Library/PrivateFrameworks/GPUCompiler.framework/Versions/3802/Libraries/libmetal_timestamp.dylib
0x0000000006a38000 	/System/Library/PrivateFrameworks/FamilyControls.framework/Versions/A/FamilyControls
0x0000000006a38000 	/System/Library/PrivateFrameworks/CommerceKit.framework/Versions/A/Frameworks/CommerceCore.framework/Versions/A/CommerceCore
0x0000000006a38000 	/System/Library/PrivateFrameworks/SystemAdministration.framework/Versions/A/SystemAdministration
0x0000000006a38000 	/System/Library/PrivateFrameworks/AppContainer.framework/Versions/A/AppContainer
0x0000000006a38000 	/System/Library/PrivateFrameworks/SecCodeWrapper.framework/Versions/A/SecCodeWrapper
0x0000000006a38000 	/System/Library/PrivateFrameworks/DiskManagement.framework/Versions/A/DiskManagement
0x0000000006a38000 	/System/Library/Frameworks/DirectoryService.framework/Versions/A/DirectoryService
0x0000000006a38000 	/System/Library/PrivateFrameworks/DiskImages.framework/Versions/A/DiskImages
0x0000000006a38000 	/System/Library/PrivateFrameworks/LoginUIKit.framework/Versions/A/Frameworks/LoginUICore.framework/Versions/A/LoginUICore
0x0000000006a38000 	/usr/lib/libCoreStorage.dylib
0x0000000006a38000 	/usr/lib/libcsfde.dylib
0x0000000006a38000 	/usr/lib/libodfde.dylib
0x0000000006a38000 	/System/Library/PrivateFrameworks/MediaKit.framework/Versions/A/MediaKit
0x0000000006a38000 	/System/Library/Frameworks/DiscRecording.framework/Versions/A/DiscRecording
0x0000000006a38000 	/System/Library/PrivateFrameworks/EFILogin.framework/Versions/A/EFILogin
0x0000000006a38000 	/System/Library/PrivateFrameworks/ProtectedCloudStorage.framework/Versions/A/ProtectedCloudStorage
0x0000000006a38000 	/usr/lib/libcurl.4.dylib
0x0000000006a38000 	/usr/lib/libcrypto.35.dylib
0x0000000006a38000 	/usr/lib/libssl.35.dylib
0x0000000006a38000 	/System/Library/Frameworks/LDAP.framework/Versions/A/LDAP
0x0000000006a38000 	/System/Library/PrivateFrameworks/TrustEvaluationAgent.framework/Versions/A/TrustEvaluationAgent
0x0000000006a38000 	/usr/lib/libsasl2.2.dylib
0x0000000006a38000 	/System/Library/PrivateFrameworks/CoreDaemon.framework/Versions/B/CoreDaemon
0x0000000006a38000 	/System/Library/PrivateFrameworks/AppleSRP.framework/Versions/A/AppleSRP
0x0000000006a38000 	/System/Library/Frameworks/OpenGL.framework/Versions/A/Resources/GLEngine.bundle/GLEngine
0x0000000006a38000 	/System/Library/Frameworks/OpenGL.framework/Versions/A/Libraries/libGLProgrammability.dylib
0x0000000127fbb000 	/System/Library/Extensions/AppleIntelKBLGraphicsGLDriver.bundle/Contents/MacOS/AppleIntelKBLGraphicsGLDriver
0x0000000006a38000 	/System/Library/PrivateFrameworks/GPUSupport.framework/Versions/A/Libraries/libGPUSupportMercury.dylib
0x0000000006a38000 	/System/Library/Frameworks/OpenGL.framework/Versions/A/Resources/GLRendererFloat.bundle/GLRendererFloat
0x0000000006a38000 	/System/Library/Frameworks/OpenCL.framework/Versions/A/Libraries/libcldcpuengine.dylib
0x0000000129afb000 	/Library/Internet Plug-Ins/JavaAppletPlugin.plugin/Contents/Home/lib/libfontmanager.dylib
0x0000000127c2a000 	/Library/Internet Plug-Ins/JavaAppletPlugin.plugin/Contents/Home/lib/libosxui.dylib
0x000000012a71f000 	/Library/Internet Plug-Ins/JavaAppletPlugin.plugin/Contents/Home/lib/libjpeg.dylib
0x0000000006a38000 	/System/Library/PrivateFrameworks/ViewBridge.framework/Versions/A/ViewBridge
0x000000012abe9000 	/Library/Internet Plug-Ins/JavaAppletPlugin.plugin/Contents/Home/lib/libnet.dylib
0x000000012ac00000 	/Library/Internet Plug-Ins/JavaAppletPlugin.plugin/Contents/Home/lib/libnio.dylib
0x0000000006a38000 	/System/Library/PrivateFrameworks/CloudDocs.framework/Versions/A/CloudDocs
0x0000000006a38000 	/System/Library/PrivateFrameworks/FileProvider.framework/Versions/A/FileProvider
0x0000000006a38000 	/System/Library/PrivateFrameworks/SpotlightIndex.framework/Versions/A/SpotlightIndex
0x0000000006a38000 	/System/Library/PrivateFrameworks/SymptomDiagnosticReporter.framework/Versions/A/SymptomDiagnosticReporter
0x0000000006a38000 	/System/Library/PrivateFrameworks/GenerationalStorage.framework/Versions/A/GenerationalStorage
0x0000000006a38000 	/System/Library/PrivateFrameworks/ChunkingLibrary.framework/Versions/A/ChunkingLibrary
0x0000000006a38000 	/System/Library/PrivateFrameworks/CoreNLP.framework/Versions/A/CoreNLP
0x0000000006a38000 	/usr/lib/libmecab.1.0.0.dylib
0x0000000006a38000 	/usr/lib/libgermantok.dylib
0x0000000006a38000 	/usr/lib/libThaiTokenizer.dylib
0x000000015aaab000 	/Library/Internet Plug-Ins/JavaAppletPlugin.plugin/Contents/Home/lib/libdcpr.dylib
0x0000000006a38000 	/System/Library/PrivateFrameworks/login.framework/Versions/A/login

VM Arguments:
java_command: /Users/mochila/Desktop/UE/2Semestre/ASC 1/Mars4_5.jar
java_class_path (initial): /Users/mochila/Desktop/UE/2Semestre/ASC 1/Mars4_5.jar
Launcher Type: SUN_STANDARD

Environment Variables:
PATH=/usr/bin:/bin:/usr/sbin:/sbin
SHELL=/bin/bash

Signal Handlers:
SIGSEGV: [libjvm.dylib+0x5b5439], sa_mask[0]=11111111011111110111111111111111, sa_flags=SA_ONSTACK|SA_RESTART|SA_SIGINFO
SIGBUS: [libjvm.dylib+0x5b5439], sa_mask[0]=11111111011111110111111111111111, sa_flags=SA_RESTART|SA_SIGINFO
SIGFPE: [libjvm.dylib+0x48ae24], sa_mask[0]=11111111011111110111111111111111, sa_flags=SA_RESTART|SA_SIGINFO
SIGPIPE: [libjvm.dylib+0x48ae24], sa_mask[0]=11111111011111110111111111111111, sa_flags=SA_RESTART|SA_SIGINFO
SIGXFSZ: [libjvm.dylib+0x48ae24], sa_mask[0]=11111111011111110111111111111111, sa_flags=SA_RESTART|SA_SIGINFO
SIGILL: [libjvm.dylib+0x48ae24], sa_mask[0]=11111111011111110111111111111111, sa_flags=SA_RESTART|SA_SIGINFO
SIGUSR1: SIG_DFL, sa_mask[0]=00000000000000000000000000000000, sa_flags=none
SIGUSR2: [libjvm.dylib+0x48a942], sa_mask[0]=00000000000000000000000000000000, sa_flags=SA_RESTART|SA_SIGINFO
SIGHUP: [libjvm.dylib+0x488f0d], sa_mask[0]=11111111011111110111111111111111, sa_flags=SA_RESTART|SA_SIGINFO
SIGINT: [libjvm.dylib+0x488f0d], sa_mask[0]=11111111011111110111111111111111, sa_flags=SA_RESTART|SA_SIGINFO
SIGTERM: [libjvm.dylib+0x488f0d], sa_mask[0]=11111111011111110111111111111111, sa_flags=SA_RESTART|SA_SIGINFO
SIGQUIT: [libjvm.dylib+0x488f0d], sa_mask[0]=11111111011111110111111111111111, sa_flags=SA_RESTART|SA_SIGINFO


---------------  S Y S T E M  ---------------

OS:Bsduname:Darwin 17.5.0 Darwin Kernel Version 17.5.0: Mon Mar  5 22:24:32 PST 2018; root:xnu-4570.51.1~1/RELEASE_X86_64 x86_64
rlimit: STACK 8192k, CORE 0k, NPROC 709, NOFILE 10240, AS infinity
load average:3.22 1.83 1.55

CPU:total 4 (initial active 4) (2 cores per cpu, 2 threads per core) family 6 model 142 stepping 9, cmov, cx8, fxsr, mmx, sse, sse2, sse3, ssse3, sse4.1, sse4.2, popcnt, avx, avx2, aes, clmul, erms, rtm, 3dnowpref, lzcnt, ht, tsc, tscinvbit, bmi1, bmi2, adx

Memory: 4k page, physical 8388608k(387392k free)

/proc/meminfo:


vm_info: Java HotSpot(TM) 64-Bit Server VM (25.161-b12) for bsd-amd64 JRE (1.8.0_161-b12), built on Dec 19 2017 16:22:20 by "java_re" with gcc 4.2.1 (Based on Apple Inc. build 5658) (LLVM build 2336.11.00)

time: Wed Apr 11 17:49:18 2018
elapsed time: 2192 seconds (0d 0h 36m 32s)

